<?xml version="1.0" encoding="UTF-8"?>
<!-- Generated by org.testng.reporters.JUnitReportReporter -->
<testsuite hostname="LAPTOP-0MQ7D81P" failures="0" tests="1" name="automation.testcases.Verify_itemsincart" time="44.508" errors="0" timestamp="2022-07-31T17:12:46 AEST" skipped="0">
  <testcase classname="automation.testcases.Verify_itemsincart" name="verifyItemsinCart" time="44.508"/>
  <system-out/>
</testsuite> <!-- automation.testcases.Verify_itemsincart -->
