<?xml version="1.0" encoding="UTF-8"?>
<!-- Generated by org.testng.reporters.JUnitReportReporter -->
<testsuite hostname="LAPTOP-0MQ7D81P" failures="0" tests="5" name="automation.testcases.Validate_Successful_Message" time="103.609" errors="0" timestamp="2022-07-31T17:12:46 AEST" skipped="0">
  <testcase classname="automation.testcases.Validate_Successful_Message" name="validateSuccess" time="44.301"/>
  <system-out/>
  <testcase classname="automation.testcases.Validate_Successful_Message" name="validateSuccess" time="22.241"/>
  <system-out/>
  <testcase classname="automation.testcases.Validate_Successful_Message" name="validateSuccess" time="13.786"/>
  <system-out/>
  <testcase classname="automation.testcases.Validate_Successful_Message" name="validateSuccess" time="11.132"/>
  <system-out/>
  <testcase classname="automation.testcases.Validate_Successful_Message" name="validateSuccess" time="12.149"/>
  <system-out/>
</testsuite> <!-- automation.testcases.Validate_Successful_Message -->
